<?xml version="1.0" encoding="UTF-8"?>
<testng-results ignored="0" total="1" passed="1" failed="0" skipped="0">
  <reporter-output>
  </reporter-output>
  <suite started-at="2023-01-27T11:35:22 IST" name="Default suite" finished-at="2023-01-27T11:35:26 IST" duration-ms="3863">
    <groups>
    </groups>
    <test started-at="2023-01-27T11:35:22 IST" name="Default test" finished-at="2023-01-27T11:35:26 IST" duration-ms="3863">
      <class name="testNg.SelectBrowser">
        <test-method signature="openBrowser(java.lang.String)[pri:0, instance:testNg.SelectBrowser@55536d9e]" started-at="2023-01-27T11:35:22 IST" name="openBrowser" finished-at="2023-01-27T11:35:26 IST" duration-ms="3823" status="PASS">
          <params>
            <param index="0">
              <value>
                <![CDATA[chrome]]>
              </value>
            </param>
          </params>
          <reporter-output>
          </reporter-output>
        </test-method> <!-- openBrowser -->
      </class> <!-- testNg.SelectBrowser -->
    </test> <!-- Default test -->
  </suite> <!-- Default suite -->
</testng-results>
